<?xml version="1.0" encoding="utf-8" standalone="no"?>
<test-run id="2" name="Pages_Solution_POM.dll" fullname="C:\Users\Home\Desktop\SoftUni\7\Homework_7_Rework\Pages_Solution_Ext\bin\Debug\netcoreapp2.2\Pages_Solution_POM.dll" testcasecount="9" result="Passed" total="9" passed="9" failed="0" inconclusive="0" skipped="0" asserts="30" engine-version="3.10.0.0" clr-version="4.0.30319.42000" start-time="2019-10-19 07:53:56Z" end-time="2019-10-19 07:54:59Z" duration="62.733209">
  <command-line><![CDATA[C:\Users\Home\.nuget\packages\microsoft.testplatform.testhost\16.2.0\lib\netstandard1.5\testhost.dll --port 51390 --endpoint 127.0.0.1:051390 --role client --parentprocessid 2016 --telemetryoptedin true]]></command-line>
  <filter>
    <or>
      <test>Pages_Solution.POM_QA.FindText</test>
      <test>Pages_Solution.POM_Test.EmptyCity</test>
      <test>Pages_Solution.POM_Test.EmptyDate__EmptyMounts__WrongZip</test>
      <test>Pages_Solution.POM_Test.EmptyPhone__WrongGender__WrongZip_EmptyState</test>
      <test>Pages_Solution.POM_Test.EmptyPhone__WrongZip_EmptyPassword</test>
      <test>Pages_Solution.POM_Test.InvalidLastName</test>
      <test>Pages_Solution.POM_Test.Missing_FirstName</test>
      <test>Pages_Solution.POM_Test.Missing_LastName</test>
      <test>Pages_Solution.POMTestsGoogle.SeleniunBrowse</test>
    </or>
  </filter>
  <test-suite type="Assembly" id="0-1013" name="Pages_Solution_POM.dll" fullname="C:/Users/Home/Desktop/SoftUni/7/Homework_7_Rework/Pages_Solution_Ext/bin/Debug/netcoreapp2.2/Pages_Solution_POM.dll" runstate="Runnable" testcasecount="9" result="Passed" start-time="2019-10-19 07:53:56Z" end-time="2019-10-19 07:54:59Z" duration="62.700306" total="9" passed="9" failed="0" warnings="0" inconclusive="0" skipped="0" asserts="30">
    <environment framework-version="3.12.0.0" clr-version="4.0.30319.42000" os-version="Microsoft Windows 10.0.17763 " platform="Win32NT" cwd="C:\Users\Home\Desktop\SoftUni\7\Homework_7_Rework\Pages_Solution_Ext\bin\Debug\netcoreapp2.2" machine-name="HOME-PC" user="Home" user-domain="Home-PC" culture="bg-BG" uiculture="en-US" os-architecture="x64" />
    <settings>
      <setting name="SynchronousEvents" value="False" />
      <setting name="RandomSeed" value="2081367935" />
      <setting name="ProcessModel" value="InProcess" />
      <setting name="DomainUsage" value="Single" />
      <setting name="DefaultTestNamePattern" value="{m}{a}" />
      <setting name="WorkDirectory" value="C:\Users\Home\Desktop\SoftUni\7\Homework_7_Rework\Pages_Solution_Ext\bin\Debug\netcoreapp2.2" />
      <setting name="NumberOfTestWorkers" value="2" />
    </settings>
    <properties>
      <property name="_PID" value="15084" />
      <property name="_APPDOMAIN" value="testhost" />
    </properties>
    <test-suite type="TestSuite" id="0-1014" name="Pages_Solution" fullname="Pages_Solution" runstate="Runnable" testcasecount="9" result="Passed" start-time="2019-10-19 07:53:56Z" end-time="2019-10-19 07:54:59Z" duration="62.692276" total="9" passed="9" failed="0" warnings="0" inconclusive="0" skipped="0" asserts="30">
      <test-suite type="TestFixture" id="0-1003" name="POM_QA" fullname="Pages_Solution.POM_QA" classname="Pages_Solution.POM_QA" runstate="Runnable" testcasecount="1" result="Passed" start-time="2019-10-19 07:53:56Z" end-time="2019-10-19 07:54:04Z" duration="8.162368" total="1" passed="1" failed="0" warnings="0" inconclusive="0" skipped="0" asserts="1">
        <test-case id="0-1004" name="FindText" fullname="Pages_Solution.POM_QA.FindText" methodname="FindText" classname="Pages_Solution.POM_QA" runstate="Runnable" seed="938690421" result="Passed" start-time="2019-10-19 07:53:59Z" end-time="2019-10-19 07:54:04Z" duration="4.591636" asserts="1" />
      </test-suite>
      <test-suite type="TestFixture" id="0-1005" name="POM_Test" fullname="Pages_Solution.POM_Test" classname="Pages_Solution.POM_Test" runstate="Runnable" testcasecount="7" result="Passed" start-time="2019-10-19 07:54:04Z" end-time="2019-10-19 07:54:51Z" duration="47.442054" total="7" passed="7" failed="0" warnings="0" inconclusive="0" skipped="0" asserts="28">
        <test-case id="0-1012" name="EmptyCity" fullname="Pages_Solution.POM_Test.EmptyCity" methodname="EmptyCity" classname="Pages_Solution.POM_Test" runstate="Runnable" seed="243225234" result="Passed" start-time="2019-10-19 07:54:07Z" end-time="2019-10-19 07:54:16Z" duration="8.639882" asserts="3" />
        <test-case id="0-1009" name="EmptyDate__EmptyMounts__WrongZip" fullname="Pages_Solution.POM_Test.EmptyDate__EmptyMounts__WrongZip" methodname="EmptyDate__EmptyMounts__WrongZip" classname="Pages_Solution.POM_Test" runstate="Runnable" seed="1179963717" result="Passed" start-time="2019-10-19 07:54:16Z" end-time="2019-10-19 07:54:23Z" duration="6.373143" asserts="5" />
        <test-case id="0-1010" name="EmptyPhone__WrongGender__WrongZip_EmptyState" fullname="Pages_Solution.POM_Test.EmptyPhone__WrongGender__WrongZip_EmptyState" methodname="EmptyPhone__WrongGender__WrongZip_EmptyState" classname="Pages_Solution.POM_Test" runstate="Runnable" seed="1514949517" result="Passed" start-time="2019-10-19 07:54:23Z" end-time="2019-10-19 07:54:28Z" duration="5.112110" asserts="6" />
        <test-case id="0-1011" name="EmptyPhone__WrongZip_EmptyPassword" fullname="Pages_Solution.POM_Test.EmptyPhone__WrongZip_EmptyPassword" methodname="EmptyPhone__WrongZip_EmptyPassword" classname="Pages_Solution.POM_Test" runstate="Runnable" seed="868009486" result="Passed" start-time="2019-10-19 07:54:28Z" end-time="2019-10-19 07:54:33Z" duration="5.213205" asserts="5" />
        <test-case id="0-1008" name="InvalidLastName" fullname="Pages_Solution.POM_Test.InvalidLastName" methodname="InvalidLastName" classname="Pages_Solution.POM_Test" runstate="Runnable" seed="1822302263" result="Passed" start-time="2019-10-19 07:54:33Z" end-time="2019-10-19 07:54:39Z" duration="6.535106" asserts="3" />
        <test-case id="0-1006" name="Missing_FirstName" fullname="Pages_Solution.POM_Test.Missing_FirstName" methodname="Missing_FirstName" classname="Pages_Solution.POM_Test" runstate="Runnable" seed="335057666" result="Passed" start-time="2019-10-19 07:54:39Z" end-time="2019-10-19 07:54:45Z" duration="5.389154" asserts="3" />
        <test-case id="0-1007" name="Missing_LastName" fullname="Pages_Solution.POM_Test.Missing_LastName" methodname="Missing_LastName" classname="Pages_Solution.POM_Test" runstate="Runnable" seed="2036113621" result="Passed" start-time="2019-10-19 07:54:45Z" end-time="2019-10-19 07:54:51Z" duration="6.244475" asserts="3" />
      </test-suite>
      <test-suite type="TestFixture" id="0-1001" name="POMTestsGoogle" fullname="Pages_Solution.POMTestsGoogle" classname="Pages_Solution.POMTestsGoogle" runstate="Runnable" testcasecount="1" result="Passed" start-time="2019-10-19 07:54:51Z" end-time="2019-10-19 07:54:59Z" duration="7.080426" total="1" passed="1" failed="0" warnings="0" inconclusive="0" skipped="0" asserts="1">
        <test-case id="0-1002" name="SeleniunBrowse" fullname="Pages_Solution.POMTestsGoogle.SeleniunBrowse" methodname="SeleniunBrowse" classname="Pages_Solution.POMTestsGoogle" runstate="Runnable" seed="1593373470" result="Passed" start-time="2019-10-19 07:54:55Z" end-time="2019-10-19 07:54:58Z" duration="3.368594" asserts="1" />
      </test-suite>
    </test-suite>
  </test-suite>
</test-run>