<?xml version="1.0" encoding="utf-8" standalone="no"?>
<test-run id="2" name="Pages_Solution_Ext.dll" fullname="C:\Users\Home\Desktop\SoftUni\7\SeleniumProject_Homework_Local\Pages_Solution_Ext\bin\Debug\netcoreapp2.2\Pages_Solution_Ext.dll" testcasecount="9" result="Passed" total="9" passed="9" failed="0" inconclusive="0" skipped="0" asserts="30" engine-version="3.10.0.0" clr-version="4.0.30319.42000" start-time="2019-10-19 01:19:39Z" end-time="2019-10-19 01:20:44Z" duration="65.573381">
  <command-line><![CDATA[C:\Users\Home\.nuget\packages\microsoft.testplatform.testhost\16.2.0\lib\netstandard1.5\testhost.dll --port 65469 --endpoint 127.0.0.1:065469 --role client --parentprocessid 8364 --telemetryoptedin true]]></command-line>
  <filter>
    <or>
      <test>Pages_Solution.POM_QA.FindText</test>
      <test>Pages_Solution.POM_Test.EmptyCity</test>
      <test>Pages_Solution.POM_Test.EmptyDate__EmptyMounts__WrongZip</test>
      <test>Pages_Solution.POM_Test.EmptyPhone__WrongGender__WrongZip_EmptyState</test>
      <test>Pages_Solution.POM_Test.EmptyPhone__WrongZip_EmptyPassword</test>
      <test>Pages_Solution.POM_Test.InvalidLastName</test>
      <test>Pages_Solution.POM_Test.Missing_FirstName</test>
      <test>Pages_Solution.POM_Test.Missing_LastName</test>
      <test>Pages_Solution.POMTestsGoogle.SeleniunBrowse</test>
    </or>
  </filter>
  <test-suite type="Assembly" id="0-1013" name="Pages_Solution_Ext.dll" fullname="C:/Users/Home/Desktop/SoftUni/7/SeleniumProject_Homework_Local/Pages_Solution_Ext/bin/Debug/netcoreapp2.2/Pages_Solution_Ext.dll" runstate="Runnable" testcasecount="9" result="Passed" start-time="2019-10-19 01:19:39Z" end-time="2019-10-19 01:20:44Z" duration="65.528098" total="9" passed="9" failed="0" warnings="0" inconclusive="0" skipped="0" asserts="30">
    <environment framework-version="3.12.0.0" clr-version="4.0.30319.42000" os-version="Microsoft Windows 10.0.17763 " platform="Win32NT" cwd="C:\Users\Home\Desktop\SoftUni\7\SeleniumProject_Homework_Local\Pages_Solution_Ext\bin\Debug\netcoreapp2.2" machine-name="HOME-PC" user="Home" user-domain="Home-PC" culture="bg-BG" uiculture="en-US" os-architecture="x64" />
    <settings>
      <setting name="SynchronousEvents" value="False" />
      <setting name="RandomSeed" value="691439164" />
      <setting name="ProcessModel" value="InProcess" />
      <setting name="DomainUsage" value="Single" />
      <setting name="DefaultTestNamePattern" value="{m}{a}" />
      <setting name="WorkDirectory" value="C:\Users\Home\Desktop\SoftUni\7\SeleniumProject_Homework_Local\Pages_Solution_Ext\bin\Debug\netcoreapp2.2" />
      <setting name="NumberOfTestWorkers" value="2" />
    </settings>
    <properties>
      <property name="_PID" value="21152" />
      <property name="_APPDOMAIN" value="testhost" />
    </properties>
    <test-suite type="TestSuite" id="0-1014" name="Pages_Solution" fullname="Pages_Solution" runstate="Runnable" testcasecount="9" result="Passed" start-time="2019-10-19 01:19:39Z" end-time="2019-10-19 01:20:44Z" duration="65.518494" total="9" passed="9" failed="0" warnings="0" inconclusive="0" skipped="0" asserts="30">
      <test-suite type="TestFixture" id="0-1003" name="POM_QA" fullname="Pages_Solution.POM_QA" classname="Pages_Solution.POM_QA" runstate="Runnable" testcasecount="1" result="Passed" start-time="2019-10-19 01:19:39Z" end-time="2019-10-19 01:19:47Z" duration="8.163304" total="1" passed="1" failed="0" warnings="0" inconclusive="0" skipped="0" asserts="1">
        <test-case id="0-1004" name="FindText" fullname="Pages_Solution.POM_QA.FindText" methodname="FindText" classname="Pages_Solution.POM_QA" runstate="Runnable" seed="2031590765" result="Passed" start-time="2019-10-19 01:19:42Z" end-time="2019-10-19 01:19:47Z" duration="4.581200" asserts="1" />
      </test-suite>
      <test-suite type="TestFixture" id="0-1005" name="POM_Test" fullname="Pages_Solution.POM_Test" classname="Pages_Solution.POM_Test" runstate="Runnable" testcasecount="7" result="Passed" start-time="2019-10-19 01:19:47Z" end-time="2019-10-19 01:20:38Z" duration="50.773005" total="7" passed="7" failed="0" warnings="0" inconclusive="0" skipped="0" asserts="28">
        <test-case id="0-1012" name="EmptyCity" fullname="Pages_Solution.POM_Test.EmptyCity" methodname="EmptyCity" classname="Pages_Solution.POM_Test" runstate="Runnable" seed="1911853076" result="Passed" start-time="2019-10-19 01:19:51Z" end-time="2019-10-19 01:19:59Z" duration="8.617520" asserts="3" />
        <test-case id="0-1009" name="EmptyDate__EmptyMounts__WrongZip" fullname="Pages_Solution.POM_Test.EmptyDate__EmptyMounts__WrongZip" methodname="EmptyDate__EmptyMounts__WrongZip" classname="Pages_Solution.POM_Test" runstate="Runnable" seed="1701622773" result="Passed" start-time="2019-10-19 01:19:59Z" end-time="2019-10-19 01:20:06Z" duration="6.421088" asserts="5" />
        <test-case id="0-1010" name="EmptyPhone__WrongGender__WrongZip_EmptyState" fullname="Pages_Solution.POM_Test.EmptyPhone__WrongGender__WrongZip_EmptyState" methodname="EmptyPhone__WrongGender__WrongZip_EmptyState" classname="Pages_Solution.POM_Test" runstate="Runnable" seed="1874712377" result="Passed" start-time="2019-10-19 01:20:06Z" end-time="2019-10-19 01:20:11Z" duration="5.124879" asserts="6" />
        <test-case id="0-1011" name="EmptyPhone__WrongZip_EmptyPassword" fullname="Pages_Solution.POM_Test.EmptyPhone__WrongZip_EmptyPassword" methodname="EmptyPhone__WrongZip_EmptyPassword" classname="Pages_Solution.POM_Test" runstate="Runnable" seed="1685220614" result="Passed" start-time="2019-10-19 01:20:11Z" end-time="2019-10-19 01:20:17Z" duration="6.017724" asserts="5" />
        <test-case id="0-1008" name="InvalidLastName" fullname="Pages_Solution.POM_Test.InvalidLastName" methodname="InvalidLastName" classname="Pages_Solution.POM_Test" runstate="Runnable" seed="243256186" result="Passed" start-time="2019-10-19 01:20:17Z" end-time="2019-10-19 01:20:24Z" duration="7.097513" asserts="3" />
        <test-case id="0-1006" name="Missing_FirstName" fullname="Pages_Solution.POM_Test.Missing_FirstName" methodname="Missing_FirstName" classname="Pages_Solution.POM_Test" runstate="Runnable" seed="2027171861" result="Passed" start-time="2019-10-19 01:20:24Z" end-time="2019-10-19 01:20:30Z" duration="6.567398" asserts="3" />
        <test-case id="0-1007" name="Missing_LastName" fullname="Pages_Solution.POM_Test.Missing_LastName" methodname="Missing_LastName" classname="Pages_Solution.POM_Test" runstate="Runnable" seed="873045651" result="Passed" start-time="2019-10-19 01:20:30Z" end-time="2019-10-19 01:20:37Z" duration="6.987487" asserts="3" />
      </test-suite>
      <test-suite type="TestFixture" id="0-1001" name="POMTestsGoogle" fullname="Pages_Solution.POMTestsGoogle" classname="Pages_Solution.POMTestsGoogle" runstate="Runnable" testcasecount="1" result="Passed" start-time="2019-10-19 01:20:38Z" end-time="2019-10-19 01:20:44Z" duration="6.574571" total="1" passed="1" failed="0" warnings="0" inconclusive="0" skipped="0" asserts="1">
        <test-case id="0-1002" name="SeleniunBrowse" fullname="Pages_Solution.POMTestsGoogle.SeleniunBrowse" methodname="SeleniunBrowse" classname="Pages_Solution.POMTestsGoogle" runstate="Runnable" seed="1584113122" result="Passed" start-time="2019-10-19 01:20:41Z" end-time="2019-10-19 01:20:44Z" duration="2.846508" asserts="1" />
      </test-suite>
    </test-suite>
  </test-suite>
</test-run>